#
# There is insufficient memory for the Java Runtime Environment to continue.
# Native memory allocation (malloc) failed to allocate 1048576 bytes for AllocateHeap
# Possible reasons:
#   The system is out of physical RAM or swap space
#   The process is running with CompressedOops enabled, and the Java Heap may be blocking the growth of the native heap
# Possible solutions:
#   Reduce memory load on the system
#   Increase physical memory or swap space
#   Check if swap backing store is full
#   Decrease Java heap size (-Xmx/-Xms)
#   Decrease number of Java threads
#   Decrease Java thread stack sizes (-Xss)
#   Set larger code cache with -XX:ReservedCodeCacheSize=
#   JVM is running with Zero Based Compressed Oops mode in which the Java heap is
#     placed in the first 32GB address space. The Java Heap base address is the
#     maximum limit for the native heap growth. Please use -XX:HeapBaseMinAddress
#     to set the Java Heap base and to place the Java Heap above 32GB virtual address.
# This output file may be truncated or incomplete.
#
#  Out of Memory Error (memory/allocation.inline.hpp:61), pid=33632, tid=0x0000000000008804
#
# JRE version:  (8.0_201-b09) (build )
# Java VM: Java HotSpot(TM) 64-Bit Server VM (25.201-b09 mixed mode windows-amd64 compressed oops)
# Failed to write core dump. Minidumps are not enabled by default on client versions of Windows
#

---------------  T H R E A D  ---------------

Current thread (0x00000000033a2800):  JavaThread "Unknown thread" [_thread_in_vm, id=34820, stack(0x00000000032a0000,0x00000000033a0000)]

Stack: [0x00000000032a0000,0x00000000033a0000]
[error occurred during error reporting (printing stack bounds), id 0xc0000005]

Native frames: (J=compiled Java code, j=interpreted, Vv=VM code, C=native code)


---------------  P R O C E S S  ---------------

Java Threads: ( => current thread )

Other Threads:

=>0x00000000033a2800 (exited) JavaThread "Unknown thread" [_thread_in_vm, id=34820, stack(0x00000000032a0000,0x00000000033a0000)]

VM state:not at safepoint (normal execution)

VM Mutex/Monitor currently owned by a thread: None

heap address: 0x00000006c4000000, size: 4032 MB, Compressed Oops mode: Zero based, Oop shift amount: 3
Narrow klass base: 0x0000000000000000, Narrow klass shift: 3
Compressed class space size: 1073741824 Address: 0x00000007c0000000

Heap:
 PSYoungGen      total 75264K, used 1290K [0x000000076c000000, 0x0000000771400000, 0x00000007c0000000)
  eden space 64512K, 2% used [0x000000076c000000,0x000000076c142900,0x000000076ff00000)
  from space 10752K, 0% used [0x0000000770980000,0x0000000770980000,0x0000000771400000)
  to   space 10752K, 0% used [0x000000076ff00000,0x000000076ff00000,0x0000000770980000)
 ParOldGen       total 172032K, used 0K [0x00000006c4000000, 0x00000006ce800000, 0x000000076c000000)
  object space 172032K, 0% used [0x00000006c4000000,0x00000006c4000000,0x00000006ce800000)
 Metaspace       used 775K, capacity 4480K, committed 4480K, reserved 1056768K
  class space    used 76K, capacity 384K, committed 384K, reserved 1048576K

Card table byte_map: [0x0000000012860000,0x0000000013050000] byte_map_base: 0x000000000f240000

Marking Bits: (ParMarkBitMap*) 0x00000000746c4ce0
 Begin Bits: [0x0000000013d90000, 0x0000000017c90000)
 End Bits:   [0x0000000017c90000, 0x000000001bb90000)

Polling page: 0x00000000018e0000

CodeCache: size=245760Kb used=328Kb max_used=328Kb free=245431Kb
 bounds [0x00000000034a0000, 0x0000000003710000, 0x00000000124a0000]
 total_blobs=58 nmethods=0 adapters=38
 compilation: enabled

Compilation events (0 events):
No events

GC Heap History (0 events):
No events

Deoptimization events (0 events):
No events

Classes redefined (0 events):
No events

Internal exceptions (0 events):
No events

Events (10 events):
Event: 0.017 loading class java/lang/Short
Event: 0.017 loading class java/lang/Short done
Event: 0.017 loading class java/lang/Integer
Event: 0.017 loading class java/lang/Integer done
Event: 0.017 loading class java/lang/Long
Event: 0.018 loading class java/lang/Long done
Event: 0.018 loading class java/lang/NullPointerException
Event: 0.018 loading class java/lang/NullPointerException done
Event: 0.018 loading class java/lang/ArithmeticException
Event: 0.018 loading class java/lang/ArithmeticException done


Dynamic libraries:
0x00007ff7b8fc0000 - 0x00007ff7b8ff7000 	C:\Program Files\Java\jdk1.8.0_201\bin\java.exe
0x00007fff5f4f0000 - 0x00007fff5f704000 	C:\WINDOWS\SYSTEM32\ntdll.dll
0x00007fff5db40000 - 0x00007fff5dc03000 	C:\WINDOWS\System32\KERNEL32.DLL
0x00007fff5cf60000 - 0x00007fff5d2fc000 	C:\WINDOWS\System32\KERNELBASE.dll
0x00007fff5d8f0000 - 0x00007fff5d99e000 	C:\WINDOWS\System32\ADVAPI32.dll
0x00007fff5ddb0000 - 0x00007fff5de57000 	C:\WINDOWS\System32\msvcrt.dll
0x00007fff5d670000 - 0x00007fff5d714000 	C:\WINDOWS\System32\sechost.dll
0x00007fff5d390000 - 0x00007fff5d4a5000 	C:\WINDOWS\System32\RPCRT4.dll
0x00007fff5e180000 - 0x00007fff5e32d000 	C:\WINDOWS\System32\USER32.dll
0x00007fff5ce10000 - 0x00007fff5ce36000 	C:\WINDOWS\System32\win32u.dll
0x00007fff5e000000 - 0x00007fff5e029000 	C:\WINDOWS\System32\GDI32.dll
0x00007fff5caa0000 - 0x00007fff5cbb2000 	C:\WINDOWS\System32\gdi32full.dll
0x00007fff5ce40000 - 0x00007fff5ceda000 	C:\WINDOWS\System32\msvcp_win.dll
0x00007fff5ccf0000 - 0x00007fff5ce01000 	C:\WINDOWS\System32\ucrtbase.dll
0x00007fff4edd0000 - 0x00007fff4f05e000 	C:\WINDOWS\WinSxS\amd64_microsoft.windows.common-controls_6595b64144ccf1df_6.0.22621.608_none_a9444ca7c10bb01d\COMCTL32.dll
0x00007fff5e030000 - 0x00007fff5e062000 	C:\WINDOWS\System32\IMM32.DLL
0x0000000074de0000 - 0x0000000074eb1000 	C:\Program Files\Java\jdk1.8.0_201\jre\bin\msvcr100.dll
0x0000000073ea0000 - 0x0000000074744000 	C:\Program Files\Java\jdk1.8.0_201\jre\bin\server\jvm.dll
0x00007fff5df70000 - 0x00007fff5df78000 	C:\WINDOWS\System32\PSAPI.DLL
0x00007fff35470000 - 0x00007fff35479000 	C:\WINDOWS\SYSTEM32\WSOCK32.dll
0x00007fff51b10000 - 0x00007fff51b44000 	C:\WINDOWS\SYSTEM32\WINMM.dll
0x00007fff5e8b0000 - 0x00007fff5e921000 	C:\WINDOWS\System32\WS2_32.dll
0x00007fff4f840000 - 0x00007fff4f84a000 	C:\WINDOWS\SYSTEM32\VERSION.dll
0x00007fff44850000 - 0x00007fff4485f000 	C:\Program Files\Java\jdk1.8.0_201\jre\bin\verify.dll
0x00007fff37450000 - 0x00007fff37479000 	C:\Program Files\Java\jdk1.8.0_201\jre\bin\java.dll
0x00007fff44650000 - 0x00007fff44666000 	C:\Program Files\Java\jdk1.8.0_201\jre\bin\zip.dll

VM Arguments:
jvm_args: -Dfile.encoding=UTF-8 
java_command: pidevAuth.LoginMain
java_class_path (initial): C:\Program Files\NetBeans 8.2\ide\modules\ext\mysql-connector-java-5.1.23-bin.jar;D:\spring-security-crypto-5.8.1.jar;C:\Users\kanza\Downloads\javamail-1.4.4\lib\dsn.jar;C:\Users\kanza\Downloads\javamail-1.4.4\lib\imap.jar;C:\Users\kanza\Downloads\javamail-1.4.4\lib\mailapi.jar;C:\Users\kanza\Downloads\javamail-1.4.4\lib\pop3.jar;C:\Users\kanza\Downloads\javamail-1.4.4\lib\smtp.jar;C:\Users\kanza\Downloads\javax.mail-1.6.2.jar;C:\Users\kanza\Downloads\javax.mail-api-1.6.2.jar;C:\Users\kanza\Downloads\controlsfx-8.40.11.jar;C:\Users\kanza\Downloads\fontawesomefx-commons-9.1.2.jar;C:\Users\kanza\Downloads\jfoenix-8.0.8.jar;C:\Users\kanza\Downloads\fontawesomefx-8.0.1.jar;C:\Users\kanza\OneDrive\Documents\NetBeansProjects\ArtFlow\build\classes
Launcher Type: SUN_STANDARD

Environment Variables:
JRE_HOME=C:\Program Files\Java\jre1.8.0_201
PATH=C:\ProgramData\Oracle\Java\javapath;C:\oraclexe\app\oracle\product\11.2.0\server\bin;C:\Python310\Scripts\;C:\Python310\;C:\windows\system32;C:\windows;C:\windows\System32\Wbem;C:\windows\System32\WindowsPowerShell\v1.0\;C:\windows\System32\OpenSSH\;C:\Program Files (x86)\NVIDIA Corporation\PhysX\Common;C:\Program Files\nodejs\;C:\ProgramData\chocolatey\bin;C:\Program Files\Git\cmd;C:\Program Files\NVIDIA Corporation\NVIDIA NvDLISR;C:\ProgramData\ComposerSetup\bin;C:\wamp64;C:\wamp64\bin;C:\WINDOWS\system32;C:\WINDOWS;C:\WINDOWS\System32\Wbem;C:\WINDOWS\System32\WindowsPowerShell\v1.0\;C:\WINDOWS\System32\OpenSSH\;C:\xampp\php;C:\Program Files\Java\jdk1.8.0_201\bin;C:\Program Files\Java\jre1.8.0_201\bin;C:\Users\kanza\scoop\shims;C:\Users\kanza\AppData\Local\Microsoft\WindowsApps;C:\Users\kanza\AppData\Roaming\npm;C:\Users\kanza\AppData\Local\Programs\Microsoft VS Code\bin;C:\wamp64\bin;C:\Users\kanza\AppData\Roaming\Composer\vendor\bin;C:\wamp64;C:\Users\kanza\AppData\Local\Microsoft\WindowsApps;
USERNAME=kanza
OS=Windows_NT
PROCESSOR_IDENTIFIER=Intel64 Family 6 Model 140 Stepping 1, GenuineIntel



---------------  S Y S T E M  ---------------

OS: Windows 10.0 , 64 bit Build 22621 (10.0.22621.1194)

CPU:total 8 (initial active 8) (4 cores per cpu, 2 threads per core) family 6 model 140 stepping 1, cmov, cx8, fxsr, mmx, sse, sse2, sse3, ssse3, sse4.1, sse4.2, popcnt, avx, avx2, aes, clmul, erms, 3dnowpref, lzcnt, ht, tsc, tscinvbit, bmi1, bmi2, adx

Memory: 4k page, physical 16511608k(2810336k free), swap 32001524k(5580k free)

vm_info: Java HotSpot(TM) 64-Bit Server VM (25.201-b09) for windows-amd64 JRE (1.8.0_201-b09), built on Dec 15 2018 18:36:39 by "java_re" with MS VC++ 10.0 (VS2010)

time: Sat Mar 04 20:50:04 2023
timezone: Afr. centrale Ouest
elapsed time: 0 seconds (0d 0h 0m 0s)

